The system is: Linux - 2.6.32-504.16.2.el6.x86_64 - x86_64
Compiling the Fortran compiler identification source file "CMakeFortranCompilerId.F" succeeded.
Compiler: /data/softs/gcc/5.4.0/bin/gfortran 
Build flags: 
Id flags: -v 

The output was:
0
Driving: /data/softs/gcc/5.4.0/bin/gfortran -v CMakeFortranCompilerId.F -l gfortran -l m -shared-libgcc
Using built-in specs.
COLLECT_GCC=/data/softs/gcc/5.4.0/bin/gfortran
COLLECT_LTO_WRAPPER=/data/softs/gcc/5.4.0/libexec/gcc/x86_64-unknown-linux-gnu/5.4.0/lto-wrapper
Target: x86_64-unknown-linux-gnu
Configured with: ../configure --enable-languages=c,c++,fortran --prefix=/data/softs/gcc/5.4.0 --disable-multilib
Thread model: posix
gcc version 5.4.0 (GCC) 
COLLECT_GCC_OPTIONS='-v' '-shared-libgcc' '-mtune=generic' '-march=x86-64'
 /data/softs/gcc/5.4.0/libexec/gcc/x86_64-unknown-linux-gnu/5.4.0/f951 CMakeFortranCompilerId.F -ffixed-form -cpp=/tmp/ccphtpWt.f90 -quiet -v CMakeFortranCompilerId.F -quiet -dumpbase CMakeFortranCompilerId.F -mtune=generic -march=x86-64 -auxbase CMakeFortranCompilerId -version -fintrinsic-modules-path /data/softs/gcc/5.4.0/lib/gcc/x86_64-unknown-linux-gnu/5.4.0/finclude -o /tmp/ccP2eka6.s
GNU Fortran (GCC) version 5.4.0 (x86_64-unknown-linux-gnu)
	compiled by GNU C version 5.4.0, GMP version 6.1.0, MPFR version 3.1.4, MPC version 1.0.3
GGC heuristics: --param ggc-min-expand=100 --param ggc-min-heapsize=131072
ignoring nonexistent directory "/data/softs/gcc/5.4.0/lib/gcc/x86_64-unknown-linux-gnu/5.4.0/../../../../x86_64-unknown-linux-gnu/include"
#include "..." search starts here:
#include <...> search starts here:
 /data/softs/gcc/5.4.0/lib/gcc/x86_64-unknown-linux-gnu/5.4.0/finclude
 /data/softs/gcc/5.4.0/lib/gcc/x86_64-unknown-linux-gnu/5.4.0/include
 /usr/local/include
 /data/softs/gcc/5.4.0/include
 /data/softs/gcc/5.4.0/lib/gcc/x86_64-unknown-linux-gnu/5.4.0/include-fixed
 /usr/include
End of search list.
GNU Fortran2008 (GCC) version 5.4.0 (x86_64-unknown-linux-gnu)
	compiled by GNU C version 5.4.0, GMP version 6.1.0, MPFR version 3.1.4, MPC version 1.0.3
GGC heuristics: --param ggc-min-expand=100 --param ggc-min-heapsize=131072
COLLECT_GCC_OPTIONS='-v' '-shared-libgcc' '-mtune=generic' '-march=x86-64'
 as -v --64 -o /tmp/ccE9cKsI.o /tmp/ccP2eka6.s
GNU assembler version 2.25 (x86_64-unknown-linux-gnu) using BFD version (GNU Binutils) 2.25
Reading specs from /data/softs/gcc/5.4.0/lib/gcc/x86_64-unknown-linux-gnu/5.4.0/../../../../lib64/libgfortran.spec
rename spec lib to liborig
COLLECT_GCC_OPTIONS='-v' '-shared-libgcc' '-mtune=generic' '-march=x86-64'
COMPILER_PATH=/data/softs/gcc/5.4.0/libexec/gcc/x86_64-unknown-linux-gnu/5.4.0/:/data/softs/gcc/5.4.0/libexec/gcc/x86_64-unknown-linux-gnu/5.4.0/:/data/softs/gcc/5.4.0/libexec/gcc/x86_64-unknown-linux-gnu/:/data/softs/gcc/5.4.0/lib/gcc/x86_64-unknown-linux-gnu/5.4.0/:/data/softs/gcc/5.4.0/lib/gcc/x86_64-unknown-linux-gnu/
LIBRARY_PATH=/data/softs/gcc/5.4.0/lib/gcc/x86_64-unknown-linux-gnu/5.4.0/:/data/softs/gcc/5.4.0/lib/gcc/x86_64-unknown-linux-gnu/5.4.0/../../../../lib64/:/lib/../lib64/:/usr/lib/../lib64/:/data/softs/gcc/5.4.0/lib/gcc/x86_64-unknown-linux-gnu/5.4.0/../../../:/lib/:/usr/lib/
COLLECT_GCC_OPTIONS='-v' '-shared-libgcc' '-mtune=generic' '-march=x86-64'
 /data/softs/gcc/5.4.0/libexec/gcc/x86_64-unknown-linux-gnu/5.4.0/collect2 --eh-frame-hdr -m elf_x86_64 -dynamic-linker /lib64/ld-linux-x86-64.so.2 /usr/lib/../lib64/crt1.o /usr/lib/../lib64/crti.o /data/softs/gcc/5.4.0/lib/gcc/x86_64-unknown-linux-gnu/5.4.0/crtbegin.o -L/data/softs/gcc/5.4.0/lib/gcc/x86_64-unknown-linux-gnu/5.4.0 -L/data/softs/gcc/5.4.0/lib/gcc/x86_64-unknown-linux-gnu/5.4.0/../../../../lib64 -L/lib/../lib64 -L/usr/lib/../lib64 -L/data/softs/gcc/5.4.0/lib/gcc/x86_64-unknown-linux-gnu/5.4.0/../../.. /tmp/ccE9cKsI.o -lgfortran -lm -lgcc_s -lgcc -lquadmath -lm -lgcc_s -lgcc -lc -lgcc_s -lgcc /data/softs/gcc/5.4.0/lib/gcc/x86_64-unknown-linux-gnu/5.4.0/crtend.o /usr/lib/../lib64/crtn.o


Compilation of the Fortran compiler identification source "CMakeFortranCompilerId.F" produced "a.out"

The Fortran compiler identification is GNU, found in "/data/home/globc/page/tracking/json-fortran/CMakeFiles/3.8.1/CompilerIdFortran/a.out"

Determining if the Fortran compiler works passed with the following output:
Change Dir: /data/home/globc/page/tracking/json-fortran/CMakeFiles/CMakeTmp

Run Build Command:"/usr/bin/gmake" "cmTC_55a05/fast"
/usr/bin/gmake -f CMakeFiles/cmTC_55a05.dir/build.make CMakeFiles/cmTC_55a05.dir/build
gmake[1]: Entering directory `/scratch/globc/page/cyclone_tracking/json-fortran/CMakeFiles/CMakeTmp'
Building Fortran object CMakeFiles/cmTC_55a05.dir/testFortranCompiler.f.o
/data/softs/gcc/5.4.0/bin/gfortran    -c /data/home/globc/page/tracking/json-fortran/CMakeFiles/CMakeTmp/testFortranCompiler.f -o CMakeFiles/cmTC_55a05.dir/testFortranCompiler.f.o
Linking Fortran executable cmTC_55a05
/data/softs/local/cmake/3.8.1/bin/cmake -E cmake_link_script CMakeFiles/cmTC_55a05.dir/link.txt --verbose=1
/data/softs/gcc/5.4.0/bin/gfortran      CMakeFiles/cmTC_55a05.dir/testFortranCompiler.f.o  -o cmTC_55a05 
gmake[1]: Leaving directory `/scratch/globc/page/cyclone_tracking/json-fortran/CMakeFiles/CMakeTmp'


Detecting Fortran compiler ABI info compiled with the following output:
Change Dir: /data/home/globc/page/tracking/json-fortran/CMakeFiles/CMakeTmp

Run Build Command:"/usr/bin/gmake" "cmTC_90096/fast"
/usr/bin/gmake -f CMakeFiles/cmTC_90096.dir/build.make CMakeFiles/cmTC_90096.dir/build
gmake[1]: Entering directory `/scratch/globc/page/cyclone_tracking/json-fortran/CMakeFiles/CMakeTmp'
Building Fortran object CMakeFiles/cmTC_90096.dir/CMakeFortranCompilerABI.F.o
/data/softs/gcc/5.4.0/bin/gfortran    -c /data/softs/local/cmake/3.8.1/share/cmake-3.8/Modules/CMakeFortranCompilerABI.F -o CMakeFiles/cmTC_90096.dir/CMakeFortranCompilerABI.F.o
Linking Fortran executable cmTC_90096
/data/softs/local/cmake/3.8.1/bin/cmake -E cmake_link_script CMakeFiles/cmTC_90096.dir/link.txt --verbose=1
/data/softs/gcc/5.4.0/bin/gfortran   -v   CMakeFiles/cmTC_90096.dir/CMakeFortranCompilerABI.F.o  -o cmTC_90096 
Driving: /data/softs/gcc/5.4.0/bin/gfortran -v CMakeFiles/cmTC_90096.dir/CMakeFortranCompilerABI.F.o -o cmTC_90096 -l gfortran -l m -shared-libgcc
Using built-in specs.
COLLECT_GCC=/data/softs/gcc/5.4.0/bin/gfortran
COLLECT_LTO_WRAPPER=/data/softs/gcc/5.4.0/libexec/gcc/x86_64-unknown-linux-gnu/5.4.0/lto-wrapper
Target: x86_64-unknown-linux-gnu
Configured with: ../configure --enable-languages=c,c++,fortran --prefix=/data/softs/gcc/5.4.0 --disable-multilib
Thread model: posix
gcc version 5.4.0 (GCC) 
Reading specs from /data/softs/gcc/5.4.0/lib/gcc/x86_64-unknown-linux-gnu/5.4.0/../../../../lib64/libgfortran.spec
rename spec lib to liborig
COLLECT_GCC_OPTIONS='-v' '-o' 'cmTC_90096' '-shared-libgcc' '-mtune=generic' '-march=x86-64'
COMPILER_PATH=/data/softs/gcc/5.4.0/libexec/gcc/x86_64-unknown-linux-gnu/5.4.0/:/data/softs/gcc/5.4.0/libexec/gcc/x86_64-unknown-linux-gnu/5.4.0/:/data/softs/gcc/5.4.0/libexec/gcc/x86_64-unknown-linux-gnu/:/data/softs/gcc/5.4.0/lib/gcc/x86_64-unknown-linux-gnu/5.4.0/:/data/softs/gcc/5.4.0/lib/gcc/x86_64-unknown-linux-gnu/
LIBRARY_PATH=/data/softs/gcc/5.4.0/lib/gcc/x86_64-unknown-linux-gnu/5.4.0/:/data/softs/gcc/5.4.0/lib/gcc/x86_64-unknown-linux-gnu/5.4.0/../../../../lib64/:/lib/../lib64/:/usr/lib/../lib64/:/data/softs/gcc/5.4.0/lib/gcc/x86_64-unknown-linux-gnu/5.4.0/../../../:/lib/:/usr/lib/
COLLECT_GCC_OPTIONS='-v' '-o' 'cmTC_90096' '-shared-libgcc' '-mtune=generic' '-march=x86-64'
 /data/softs/gcc/5.4.0/libexec/gcc/x86_64-unknown-linux-gnu/5.4.0/collect2 --eh-frame-hdr -m elf_x86_64 -dynamic-linker /lib64/ld-linux-x86-64.so.2 -o cmTC_90096 /usr/lib/../lib64/crt1.o /usr/lib/../lib64/crti.o /data/softs/gcc/5.4.0/lib/gcc/x86_64-unknown-linux-gnu/5.4.0/crtbegin.o -L/data/softs/gcc/5.4.0/lib/gcc/x86_64-unknown-linux-gnu/5.4.0 -L/data/softs/gcc/5.4.0/lib/gcc/x86_64-unknown-linux-gnu/5.4.0/../../../../lib64 -L/lib/../lib64 -L/usr/lib/../lib64 -L/data/softs/gcc/5.4.0/lib/gcc/x86_64-unknown-linux-gnu/5.4.0/../../.. CMakeFiles/cmTC_90096.dir/CMakeFortranCompilerABI.F.o -lgfortran -lm -lgcc_s -lgcc -lquadmath -lm -lgcc_s -lgcc -lc -lgcc_s -lgcc /data/softs/gcc/5.4.0/lib/gcc/x86_64-unknown-linux-gnu/5.4.0/crtend.o /usr/lib/../lib64/crtn.o
gmake[1]: Leaving directory `/scratch/globc/page/cyclone_tracking/json-fortran/CMakeFiles/CMakeTmp'


Parsed Fortran implicit link information from above output:
  link line regex: [^( *|.*[/\])(ld|([^/\]+-)?ld|collect2)[^/\]*( |$)]
  ignore line: [Change Dir: /data/home/globc/page/tracking/json-fortran/CMakeFiles/CMakeTmp]
  ignore line: []
  ignore line: [Run Build Command:"/usr/bin/gmake" "cmTC_90096/fast"]
  ignore line: [/usr/bin/gmake -f CMakeFiles/cmTC_90096.dir/build.make CMakeFiles/cmTC_90096.dir/build]
  ignore line: [gmake[1]: Entering directory `/scratch/globc/page/cyclone_tracking/json-fortran/CMakeFiles/CMakeTmp']
  ignore line: [Building Fortran object CMakeFiles/cmTC_90096.dir/CMakeFortranCompilerABI.F.o]
  ignore line: [/data/softs/gcc/5.4.0/bin/gfortran    -c /data/softs/local/cmake/3.8.1/share/cmake-3.8/Modules/CMakeFortranCompilerABI.F -o CMakeFiles/cmTC_90096.dir/CMakeFortranCompilerABI.F.o]
  ignore line: [Linking Fortran executable cmTC_90096]
  ignore line: [/data/softs/local/cmake/3.8.1/bin/cmake -E cmake_link_script CMakeFiles/cmTC_90096.dir/link.txt --verbose=1]
  ignore line: [/data/softs/gcc/5.4.0/bin/gfortran   -v   CMakeFiles/cmTC_90096.dir/CMakeFortranCompilerABI.F.o  -o cmTC_90096 ]
  ignore line: [Driving: /data/softs/gcc/5.4.0/bin/gfortran -v CMakeFiles/cmTC_90096.dir/CMakeFortranCompilerABI.F.o -o cmTC_90096 -l gfortran -l m -shared-libgcc]
  ignore line: [Using built-in specs.]
  ignore line: [COLLECT_GCC=/data/softs/gcc/5.4.0/bin/gfortran]
  ignore line: [COLLECT_LTO_WRAPPER=/data/softs/gcc/5.4.0/libexec/gcc/x86_64-unknown-linux-gnu/5.4.0/lto-wrapper]
  ignore line: [Target: x86_64-unknown-linux-gnu]
  ignore line: [Configured with: ../configure --enable-languages=c,c++,fortran --prefix=/data/softs/gcc/5.4.0 --disable-multilib]
  ignore line: [Thread model: posix]
  ignore line: [gcc version 5.4.0 (GCC) ]
  ignore line: [Reading specs from /data/softs/gcc/5.4.0/lib/gcc/x86_64-unknown-linux-gnu/5.4.0/../../../../lib64/libgfortran.spec]
  ignore line: [rename spec lib to liborig]
  ignore line: [COLLECT_GCC_OPTIONS='-v' '-o' 'cmTC_90096' '-shared-libgcc' '-mtune=generic' '-march=x86-64']
  ignore line: [COMPILER_PATH=/data/softs/gcc/5.4.0/libexec/gcc/x86_64-unknown-linux-gnu/5.4.0/:/data/softs/gcc/5.4.0/libexec/gcc/x86_64-unknown-linux-gnu/5.4.0/:/data/softs/gcc/5.4.0/libexec/gcc/x86_64-unknown-linux-gnu/:/data/softs/gcc/5.4.0/lib/gcc/x86_64-unknown-linux-gnu/5.4.0/:/data/softs/gcc/5.4.0/lib/gcc/x86_64-unknown-linux-gnu/]
  ignore line: [LIBRARY_PATH=/data/softs/gcc/5.4.0/lib/gcc/x86_64-unknown-linux-gnu/5.4.0/:/data/softs/gcc/5.4.0/lib/gcc/x86_64-unknown-linux-gnu/5.4.0/../../../../lib64/:/lib/../lib64/:/usr/lib/../lib64/:/data/softs/gcc/5.4.0/lib/gcc/x86_64-unknown-linux-gnu/5.4.0/../../../:/lib/:/usr/lib/]
  ignore line: [COLLECT_GCC_OPTIONS='-v' '-o' 'cmTC_90096' '-shared-libgcc' '-mtune=generic' '-march=x86-64']
  link line: [ /data/softs/gcc/5.4.0/libexec/gcc/x86_64-unknown-linux-gnu/5.4.0/collect2 --eh-frame-hdr -m elf_x86_64 -dynamic-linker /lib64/ld-linux-x86-64.so.2 -o cmTC_90096 /usr/lib/../lib64/crt1.o /usr/lib/../lib64/crti.o /data/softs/gcc/5.4.0/lib/gcc/x86_64-unknown-linux-gnu/5.4.0/crtbegin.o -L/data/softs/gcc/5.4.0/lib/gcc/x86_64-unknown-linux-gnu/5.4.0 -L/data/softs/gcc/5.4.0/lib/gcc/x86_64-unknown-linux-gnu/5.4.0/../../../../lib64 -L/lib/../lib64 -L/usr/lib/../lib64 -L/data/softs/gcc/5.4.0/lib/gcc/x86_64-unknown-linux-gnu/5.4.0/../../.. CMakeFiles/cmTC_90096.dir/CMakeFortranCompilerABI.F.o -lgfortran -lm -lgcc_s -lgcc -lquadmath -lm -lgcc_s -lgcc -lc -lgcc_s -lgcc /data/softs/gcc/5.4.0/lib/gcc/x86_64-unknown-linux-gnu/5.4.0/crtend.o /usr/lib/../lib64/crtn.o]
    arg [/data/softs/gcc/5.4.0/libexec/gcc/x86_64-unknown-linux-gnu/5.4.0/collect2] ==> ignore
    arg [--eh-frame-hdr] ==> ignore
    arg [-m] ==> ignore
    arg [elf_x86_64] ==> ignore
    arg [-dynamic-linker] ==> ignore
    arg [/lib64/ld-linux-x86-64.so.2] ==> ignore
    arg [-o] ==> ignore
    arg [cmTC_90096] ==> ignore
    arg [/usr/lib/../lib64/crt1.o] ==> ignore
    arg [/usr/lib/../lib64/crti.o] ==> ignore
    arg [/data/softs/gcc/5.4.0/lib/gcc/x86_64-unknown-linux-gnu/5.4.0/crtbegin.o] ==> ignore
    arg [-L/data/softs/gcc/5.4.0/lib/gcc/x86_64-unknown-linux-gnu/5.4.0] ==> dir [/data/softs/gcc/5.4.0/lib/gcc/x86_64-unknown-linux-gnu/5.4.0]
    arg [-L/data/softs/gcc/5.4.0/lib/gcc/x86_64-unknown-linux-gnu/5.4.0/../../../../lib64] ==> dir [/data/softs/gcc/5.4.0/lib/gcc/x86_64-unknown-linux-gnu/5.4.0/../../../../lib64]
    arg [-L/lib/../lib64] ==> dir [/lib/../lib64]
    arg [-L/usr/lib/../lib64] ==> dir [/usr/lib/../lib64]
    arg [-L/data/softs/gcc/5.4.0/lib/gcc/x86_64-unknown-linux-gnu/5.4.0/../../..] ==> dir [/data/softs/gcc/5.4.0/lib/gcc/x86_64-unknown-linux-gnu/5.4.0/../../..]
    arg [CMakeFiles/cmTC_90096.dir/CMakeFortranCompilerABI.F.o] ==> ignore
    arg [-lgfortran] ==> lib [gfortran]
    arg [-lm] ==> lib [m]
    arg [-lgcc_s] ==> lib [gcc_s]
    arg [-lgcc] ==> lib [gcc]
    arg [-lquadmath] ==> lib [quadmath]
    arg [-lm] ==> lib [m]
    arg [-lgcc_s] ==> lib [gcc_s]
    arg [-lgcc] ==> lib [gcc]
    arg [-lc] ==> lib [c]
    arg [-lgcc_s] ==> lib [gcc_s]
    arg [-lgcc] ==> lib [gcc]
    arg [/data/softs/gcc/5.4.0/lib/gcc/x86_64-unknown-linux-gnu/5.4.0/crtend.o] ==> ignore
    arg [/usr/lib/../lib64/crtn.o] ==> ignore
  remove lib [gcc_s]
  remove lib [gcc]
  remove lib [gcc_s]
  remove lib [gcc]
  remove lib [gcc_s]
  remove lib [gcc]
  collapse library dir [/data/softs/gcc/5.4.0/lib/gcc/x86_64-unknown-linux-gnu/5.4.0] ==> [/data/softs/gcc/5.4.0/lib/gcc/x86_64-unknown-linux-gnu/5.4.0]
  collapse library dir [/data/softs/gcc/5.4.0/lib/gcc/x86_64-unknown-linux-gnu/5.4.0/../../../../lib64] ==> [/data/softs/gcc/5.4.0/lib64]
  collapse library dir [/lib/../lib64] ==> [/lib64]
  collapse library dir [/usr/lib/../lib64] ==> [/usr/lib64]
  collapse library dir [/data/softs/gcc/5.4.0/lib/gcc/x86_64-unknown-linux-gnu/5.4.0/../../..] ==> [/data/softs/gcc/5.4.0/lib]
  implicit libs: [gfortran;m;quadmath;m;c]
  implicit dirs: [/data/softs/gcc/5.4.0/lib/gcc/x86_64-unknown-linux-gnu/5.4.0;/data/softs/gcc/5.4.0/lib64;/lib64;/usr/lib64;/data/softs/gcc/5.4.0/lib]
  implicit fwks: []


Determining if the Fortran compiler supports Fortran 90 passed with the following output:
Change Dir: /data/home/globc/page/tracking/json-fortran/CMakeFiles/CMakeTmp

Run Build Command:"/usr/bin/gmake" "cmTC_6de1a/fast"
/usr/bin/gmake -f CMakeFiles/cmTC_6de1a.dir/build.make CMakeFiles/cmTC_6de1a.dir/build
gmake[1]: Entering directory `/scratch/globc/page/cyclone_tracking/json-fortran/CMakeFiles/CMakeTmp'
Building Fortran object CMakeFiles/cmTC_6de1a.dir/testFortranCompilerF90.f90.o
/data/softs/gcc/5.4.0/bin/gfortran    -c /data/home/globc/page/tracking/json-fortran/CMakeFiles/CMakeTmp/testFortranCompilerF90.f90 -o CMakeFiles/cmTC_6de1a.dir/testFortranCompilerF90.f90.o
Linking Fortran executable cmTC_6de1a
/data/softs/local/cmake/3.8.1/bin/cmake -E cmake_link_script CMakeFiles/cmTC_6de1a.dir/link.txt --verbose=1
/data/softs/gcc/5.4.0/bin/gfortran      CMakeFiles/cmTC_6de1a.dir/testFortranCompilerF90.f90.o  -o cmTC_6de1a 
gmake[1]: Leaving directory `/scratch/globc/page/cyclone_tracking/json-fortran/CMakeFiles/CMakeTmp'


